# JRE version: 7.0_07-b11
# Java VM: Java HotSpot(TM) 64-Bit Server VM (23.3-b01 mixed mode windows-amd64 compressed oops)
Heap
 PSYoungGen      total 338816K, used 327320K [0x00000000eac00000, 0x00000000fff70000, 0x0000000100000000)
  eden space 331712K, 97% used [0x00000000eac00000,0x00000000fe7da1b0,0x00000000feff0000)
  from space 7104K, 54% used [0x00000000feff0000,0x00000000ff3bc010,0x00000000ff6e0000)
  to   space 6784K, 0% used [0x00000000ff8d0000,0x00000000ff8d0000,0x00000000fff70000)
 ParOldGen       total 43520K, used 20319K [0x00000000c0400000, 0x00000000c2e80000, 0x00000000eac00000)
  object space 43520K, 46% used [0x00000000c0400000,0x00000000c17d7ff0,0x00000000c2e80000)
 PSPermGen       total 28544K, used 28409K [0x00000000bb200000, 0x00000000bcde0000, 0x00000000c0400000)
  object space 28544K, 99% used [0x00000000bb200000,0x00000000bcdbe488,0x00000000bcde0000)
GC Heap History (10 events):
Event: 4.286 GC heap before
{Heap before GC invocations=9 (full 0):
 PSYoungGen      total 133888K, used 133856K [0x00000000eac00000, 0x00000000f3620000, 0x0000000100000000)
  eden space 129792K, 100% used [0x00000000eac00000,0x00000000f2ac0000,0x00000000f2ac0000)
  from space 4096K, 99% used [0x00000000f2fe0000,0x00000000f33d8020,0x00000000f33e0000)
  to   space 5248K, 0% used [0x00000000f2ac0000,0x00000000f2ac0000,0x00000000f2fe0000)
 ParOldGen       total 43520K, used 7639K [0x00000000c0400000, 0x00000000c2e80000, 0x00000000eac00000)
  object space 43520K, 17% used [0x00000000c0400000,0x00000000c0b75db0,0x00000000c2e80000)
 PSPermGen       total 21248K, used 20882K [0x00000000bb200000, 0x00000000bc6c0000, 0x00000000c0400000)
  object space 21248K, 98% used [0x00000000bb200000,0x00000000bc664b30,0x00000000bc6c0000)
Event: 4.293 GC heap after
Heap after GC invocations=9 (full 0):
 PSYoungGen      total 135040K, used 5216K [0x00000000eac00000, 0x00000000f8350000, 0x0000000100000000)
  eden space 129792K, 0% used [0x00000000eac00000,0x00000000eac00000,0x00000000f2ac0000)
  from space 5248K, 99% used [0x00000000f2ac0000,0x00000000f2fd8040,0x00000000f2fe0000)
  to   space 6400K, 0% used [0x00000000f7d10000,0x00000000f7d10000,0x00000000f8350000)
 ParOldGen       total 43520K, used 9565K [0x00000000c0400000, 0x00000000c2e80000, 0x00000000eac00000)
  object space 43520K, 21% used [0x00000000c0400000,0x00000000c0d57550,0x00000000c2e80000)
 PSPermGen       total 21248K, used 20882K [0x00000000bb200000, 0x00000000bc6c0000, 0x00000000c0400000)
  object space 21248K, 98% used [0x00000000bb200000,0x00000000bc664b30,0x00000000bc6c0000)
}
Event: 5.114 GC heap before
{Heap before GC invocations=10 (full 0):
 PSYoungGen      total 135040K, used 135008K [0x00000000eac00000, 0x00000000f8350000, 0x0000000100000000)
  eden space 129792K, 100% used [0x00000000eac00000,0x00000000f2ac0000,0x00000000f2ac0000)
  from space 5248K, 99% used [0x00000000f2ac0000,0x00000000f2fd8040,0x00000000f2fe0000)
  to   space 6400K, 0% used [0x00000000f7d10000,0x00000000f7d10000,0x00000000f8350000)
 ParOldGen       total 43520K, used 9565K [0x00000000c0400000, 0x00000000c2e80000, 0x00000000eac00000)
  object space 43520K, 21% used [0x00000000c0400000,0x00000000c0d57550,0x00000000c2e80000)
 PSPermGen       total 22976K, used 22909K [0x00000000bb200000, 0x00000000bc870000, 0x00000000c0400000)
  object space 22976K, 99% used [0x00000000bb200000,0x00000000bc85f790,0x00000000bc870000)
Event: 5.122 GC heap after
Heap after GC invocations=10 (full 0):
 PSYoungGen      total 213760K, used 5599K [0x00000000eac00000, 0x00000000f83f0000, 0x0000000100000000)
  eden space 207360K, 0% used [0x00000000eac00000,0x00000000eac00000,0x00000000f7680000)
  from space 6400K, 87% used [0x00000000f7d10000,0x00000000f8287d18,0x00000000f8350000)
  to   space 6720K, 0% used [0x00000000f7680000,0x00000000f7680000,0x00000000f7d10000)
 ParOldGen       total 43520K, used 12381K [0x00000000c0400000, 0x00000000c2e80000, 0x00000000eac00000)
  object space 43520K, 28% used [0x00000000c0400000,0x00000000c10175a0,0x00000000c2e80000)
 PSPermGen       total 22976K, used 22909K [0x00000000bb200000, 0x00000000bc870000, 0x00000000c0400000)
  object space 22976K, 99% used [0x00000000bb200000,0x00000000bc85f790,0x00000000bc870000)
}
Event: 5.516 GC heap before
{Heap before GC invocations=11 (full 0):
 PSYoungGen      total 213760K, used 212959K [0x00000000eac00000, 0x00000000f83f0000, 0x0000000100000000)
  eden space 207360K, 100% used [0x00000000eac00000,0x00000000f7680000,0x00000000f7680000)
  from space 6400K, 87% used [0x00000000f7d10000,0x00000000f8287d18,0x00000000f8350000)
  to   space 6720K, 0% used [0x00000000f7680000,0x00000000f7680000,0x00000000f7d10000)
 ParOldGen       total 43520K, used 12381K [0x00000000c0400000, 0x00000000c2e80000, 0x00000000eac00000)
  object space 43520K, 28% used [0x00000000c0400000,0x00000000c10175a0,0x00000000c2e80000)
 PSPermGen       total 23360K, used 23337K [0x00000000bb200000, 0x00000000bc8d0000, 0x00000000c0400000)
  object space 23360K, 99% used [0x00000000bb200000,0x00000000bc8ca5a8,0x00000000bc8d0000)
Event: 5.522 GC heap after
Heap after GC invocations=11 (full 0):
 PSYoungGen      total 214080K, used 1216K [0x00000000eac00000, 0x00000000ffdc0000, 0x0000000100000000)
  eden space 207360K, 0% used [0x00000000eac00000,0x00000000eac00000,0x00000000f7680000)
  from space 6720K, 18% used [0x00000000f7680000,0x00000000f77b0000,0x00000000f7d10000)
  to   space 7040K, 0% used [0x00000000ff6e0000,0x00000000ff6e0000,0x00000000ffdc0000)
 ParOldGen       total 43520K, used 17503K [0x00000000c0400000, 0x00000000c2e80000, 0x00000000eac00000)
  object space 43520K, 40% used [0x00000000c0400000,0x00000000c1517c68,0x00000000c2e80000)
 PSPermGen       total 23360K, used 23337K [0x00000000bb200000, 0x00000000bc8d0000, 0x00000000c0400000)
  object space 23360K, 99% used [0x00000000bb200000,0x00000000bc8ca5a8,0x00000000bc8d0000)
}
Event: 5.774 GC heap before
{Heap before GC invocations=12 (full 0):
 PSYoungGen      total 214080K, used 208576K [0x00000000eac00000, 0x00000000ffdc0000, 0x0000000100000000)
  eden space 207360K, 100% used [0x00000000eac00000,0x00000000f7680000,0x00000000f7680000)
  from space 6720K, 18% used [0x00000000f7680000,0x00000000f77b0000,0x00000000f7d10000)
  to   space 7040K, 0% used [0x00000000ff6e0000,0x00000000ff6e0000,0x00000000ffdc0000)
 ParOldGen       total 43520K, used 17503K [0x00000000c0400000, 0x00000000c2e80000, 0x00000000eac00000)
  object space 43520K, 40% used [0x00000000c0400000,0x00000000c1517c68,0x00000000c2e80000)
 PSPermGen       total 23744K, used 23591K [0x00000000bb200000, 0x00000000bc930000, 0x00000000c0400000)
  object space 23744K, 99% used [0x00000000bb200000,0x00000000bc909df0,0x00000000bc930000)
Event: 5.777 GC heap after
Heap after GC invocations=12 (full 0):
 PSYoungGen      total 338752K, used 1856K [0x00000000eac00000, 0x00000000ffde0000, 0x0000000100000000)
  eden space 331712K, 0% used [0x00000000eac00000,0x00000000eac00000,0x00000000feff0000)
  from space 7040K, 26% used [0x00000000ff6e0000,0x00000000ff8b0000,0x00000000ffdc0000)
  to   space 7104K, 0% used [0x00000000feff0000,0x00000000feff0000,0x00000000ff6e0000)
 ParOldGen       total 43520K, used 18585K [0x00000000c0400000, 0x00000000c2e80000, 0x00000000eac00000)
  object space 43520K, 42% used [0x00000000c0400000,0x00000000c1626740,0x00000000c2e80000)
 PSPermGen       total 23744K, used 23591K [0x00000000bb200000, 0x00000000bc930000, 0x00000000c0400000)
  object space 23744K, 99% used [0x00000000bb200000,0x00000000bc909df0,0x00000000bc930000)
}
Event: 6.356 GC heap before
{Heap before GC invocations=13 (full 0):
 PSYoungGen      total 338752K, used 333568K [0x00000000eac00000, 0x00000000ffde0000, 0x0000000100000000)
  eden space 331712K, 100% used [0x00000000eac00000,0x00000000feff0000,0x00000000feff0000)
  from space 7040K, 26% used [0x00000000ff6e0000,0x00000000ff8b0000,0x00000000ffdc0000)
  to   space 7104K, 0% used [0x00000000feff0000,0x00000000feff0000,0x00000000ff6e0000)
 ParOldGen       total 43520K, used 18585K [0x00000000c0400000, 0x00000000c2e80000, 0x00000000eac00000)
  object space 43520K, 42% used [0x00000000c0400000,0x00000000c1626740,0x00000000c2e80000)
 PSPermGen       total 24512K, used 24349K [0x00000000bb200000, 0x00000000bc9f0000, 0x00000000c0400000)
  object space 24512K, 99% used [0x00000000bb200000,0x00000000bc9c7658,0x00000000bc9f0000)
Event: 6.362 GC heap after
Heap after GC invocations=13 (full 0):
 PSYoungGen      total 338816K, used 3888K [0x00000000eac00000, 0x00000000fff70000, 0x0000000100000000)
  eden space 331712K, 0% used [0x00000000eac00000,0x00000000eac00000,0x00000000feff0000)
  from space 7104K, 54% used [0x00000000feff0000,0x00000000ff3bc010,0x00000000ff6e0000)
  to   space 6784K, 0% used [0x00000000ff8d0000,0x00000000ff8d0000,0x00000000fff70000)
 ParOldGen       total 43520K, used 20319K [0x00000000c0400000, 0x00000000c2e80000, 0x00000000eac00000)
  object space 43520K, 46% used [0x00000000c0400000,0x00000000c17d7ff0,0x00000000c2e80000)
 PSPermGen       total 24512K, used 24349K [0x00000000bb200000, 0x00000000bc9f0000, 0x00000000c0400000)
  object space 24512K, 99% used [0x00000000bb200000,0x00000000bc9c7658,0x00000000bc9f0000)
}

